<?xml version="1.0" encoding="UTF-8"?>
<!-- Generated by org.testng.reporters.JUnitReportReporter -->
<testsuite hostname="AbhimanMane" failures="0" tests="1" name="test.ttest" time="79.238" errors="0" timestamp="2024-09-13T01:03:16 GMT-05:00" skipped="0">
  <testcase classname="test.ttest" name="browser" time="79.238"/>
  <system-out/>
</testsuite> <!-- test.ttest -->
