<?xml version="1.0" encoding="UTF-8"?>
<!-- Generated by org.testng.reporters.JUnitReportReporter -->
<testsuite hostname="AbhimanMane" failures="0" tests="1" name="vw.validation" time="74.113" errors="0" timestamp="2025-04-17T05:33:19 GMT-05:00" skipped="0">
  <testcase classname="vw.validation" name="openbrowser" time="74.113"/>
  <system-out/>
</testsuite> <!-- vw.validation -->
